<?xml version="1.0" encoding="UTF-8"?>
<testsuite name="com.deleon.julian.retailer.rewards.DemoApplicationTests" tests="1" skipped="0" failures="0" errors="0" timestamp="2022-11-23T01:07:43" hostname="Julians-MacBook-Pro.local" time="0.154">
  <properties/>
  <testcase name="contextLoads()" classname="com.deleon.julian.retailer.rewards.DemoApplicationTests" time="0.154"/>
  <system-out><![CDATA[20:07:42.883 [Test worker] DEBUG org.springframework.test.context.BootstrapUtils - Instantiating CacheAwareContextLoaderDelegate from class [org.springframework.test.context.cache.DefaultCacheAwareContextLoaderDelegate]
20:07:42.887 [Test worker] DEBUG org.springframework.test.context.BootstrapUtils - Instantiating BootstrapContext using constructor [public org.springframework.test.context.support.DefaultBootstrapContext(java.lang.Class,org.springframework.test.context.CacheAwareContextLoaderDelegate)]
20:07:42.900 [Test worker] DEBUG org.springframework.test.context.BootstrapUtils - Instantiating TestContextBootstrapper for test class [com.deleon.julian.retailer.rewards.DemoApplicationTests] from class [org.springframework.boot.test.context.SpringBootTestContextBootstrapper]
20:07:42.904 [Test worker] INFO org.springframework.boot.test.context.SpringBootTestContextBootstrapper - Neither @ContextConfiguration nor @ContextHierarchy found for test class [com.deleon.julian.retailer.rewards.DemoApplicationTests], using SpringBootContextLoader
20:07:42.906 [Test worker] DEBUG org.springframework.test.context.support.AbstractContextLoader - Did not detect default resource location for test class [com.deleon.julian.retailer.rewards.DemoApplicationTests]: class path resource [com/deleon/julian/retailer/rewards/DemoApplicationTests-context.xml] does not exist
20:07:42.906 [Test worker] DEBUG org.springframework.test.context.support.AbstractContextLoader - Did not detect default resource location for test class [com.deleon.julian.retailer.rewards.DemoApplicationTests]: class path resource [com/deleon/julian/retailer/rewards/DemoApplicationTestsContext.groovy] does not exist
20:07:42.906 [Test worker] INFO org.springframework.test.context.support.AbstractContextLoader - Could not detect default resource locations for test class [com.deleon.julian.retailer.rewards.DemoApplicationTests]: no resource found for suffixes {-context.xml, Context.groovy}.
20:07:42.906 [Test worker] INFO org.springframework.test.context.support.AnnotationConfigContextLoaderUtils - Could not detect default configuration classes for test class [com.deleon.julian.retailer.rewards.DemoApplicationTests]: DemoApplicationTests does not declare any static, non-private, non-final, nested classes annotated with @Configuration.
20:07:42.921 [Test worker] DEBUG org.springframework.test.context.support.ActiveProfilesUtils - Could not find an 'annotation declaring class' for annotation type [org.springframework.test.context.ActiveProfiles] and class [com.deleon.julian.retailer.rewards.DemoApplicationTests]
20:07:42.942 [Test worker] DEBUG org.springframework.context.annotation.ClassPathScanningCandidateComponentProvider - Identified candidate component class: file [/Users/juliandeleon/repos/retailer_rewards/retailer-rewards/build/classes/java/main/com/deleon/julian/retailer/rewards/DemoApplication.class]
20:07:42.943 [Test worker] INFO org.springframework.boot.test.context.SpringBootTestContextBootstrapper - Found @SpringBootConfiguration com.deleon.julian.retailer.rewards.DemoApplication for test class com.deleon.julian.retailer.rewards.DemoApplicationTests
20:07:42.975 [Test worker] DEBUG org.springframework.boot.test.context.SpringBootTestContextBootstrapper - @TestExecutionListeners is not present for class [com.deleon.julian.retailer.rewards.DemoApplicationTests]: using defaults.
20:07:42.975 [Test worker] INFO org.springframework.boot.test.context.SpringBootTestContextBootstrapper - Loaded default TestExecutionListener class names from location [META-INF/spring.factories]: [org.springframework.boot.test.autoconfigure.restdocs.RestDocsTestExecutionListener, org.springframework.boot.test.autoconfigure.web.client.MockRestServiceServerResetTestExecutionListener, org.springframework.boot.test.autoconfigure.web.servlet.MockMvcPrintOnlyOnFailureTestExecutionListener, org.springframework.boot.test.autoconfigure.web.servlet.WebDriverTestExecutionListener, org.springframework.boot.test.autoconfigure.webservices.client.MockWebServiceServerTestExecutionListener, org.springframework.boot.test.mock.mockito.MockitoTestExecutionListener, org.springframework.boot.test.mock.mockito.ResetMocksTestExecutionListener, org.springframework.test.context.web.ServletTestExecutionListener, org.springframework.test.context.support.DirtiesContextBeforeModesTestExecutionListener, org.springframework.test.context.event.ApplicationEventsTestExecutionListener, org.springframework.test.context.support.DependencyInjectionTestExecutionListener, org.springframework.test.context.support.DirtiesContextTestExecutionListener, org.springframework.test.context.transaction.TransactionalTestExecutionListener, org.springframework.test.context.jdbc.SqlScriptsTestExecutionListener, org.springframework.test.context.event.EventPublishingTestExecutionListener]
20:07:42.979 [Test worker] DEBUG org.springframework.boot.test.context.SpringBootTestContextBootstrapper - Skipping candidate TestExecutionListener [org.springframework.test.context.web.ServletTestExecutionListener] due to a missing dependency. Specify custom listener classes or make the default listener classes and their required dependencies available. Offending class: [javax/servlet/ServletContext]
20:07:42.980 [Test worker] DEBUG org.springframework.boot.test.context.SpringBootTestContextBootstrapper - Skipping candidate TestExecutionListener [org.springframework.test.context.transaction.TransactionalTestExecutionListener] due to a missing dependency. Specify custom listener classes or make the default listener classes and their required dependencies available. Offending class: [org/springframework/transaction/interceptor/TransactionAttributeSource]
20:07:42.980 [Test worker] DEBUG org.springframework.boot.test.context.SpringBootTestContextBootstrapper - Skipping candidate TestExecutionListener [org.springframework.test.context.jdbc.SqlScriptsTestExecutionListener] due to a missing dependency. Specify custom listener classes or make the default listener classes and their required dependencies available. Offending class: [org/springframework/transaction/interceptor/TransactionAttribute]
20:07:42.980 [Test worker] INFO org.springframework.boot.test.context.SpringBootTestContextBootstrapper - Using TestExecutionListeners: [org.springframework.test.context.support.DirtiesContextBeforeModesTestExecutionListener@7b8233cd, org.springframework.test.context.event.ApplicationEventsTestExecutionListener@4b20ca2b, org.springframework.boot.test.mock.mockito.MockitoTestExecutionListener@1cbf6e72, org.springframework.boot.test.autoconfigure.SpringBootDependencyInjectionTestExecutionListener@6aecbb8d, org.springframework.test.context.support.DirtiesContextTestExecutionListener@1af146, org.springframework.test.context.event.EventPublishingTestExecutionListener@4da602fc, org.springframework.boot.test.autoconfigure.restdocs.RestDocsTestExecutionListener@2a8d39c4, org.springframework.boot.test.autoconfigure.web.client.MockRestServiceServerResetTestExecutionListener@25b2cfcb, org.springframework.boot.test.autoconfigure.web.servlet.MockMvcPrintOnlyOnFailureTestExecutionListener@72758afa, org.springframework.boot.test.autoconfigure.web.servlet.WebDriverTestExecutionListener@fb9c7aa, org.springframework.boot.test.autoconfigure.webservices.client.MockWebServiceServerTestExecutionListener@4c398c80, org.springframework.boot.test.mock.mockito.ResetMocksTestExecutionListener@7fc6de5b]
20:07:42.981 [Test worker] DEBUG org.springframework.test.context.support.AbstractDirtiesContextTestExecutionListener - Before test class: context [DefaultTestContext@73163d48 testClass = DemoApplicationTests, testInstance = [null], testMethod = [null], testException = [null], mergedContextConfiguration = [MergedContextConfiguration@58c34bb3 testClass = DemoApplicationTests, locations = '{}', classes = '{class com.deleon.julian.retailer.rewards.DemoApplication}', contextInitializerClasses = '[]', activeProfiles = '{}', propertySourceLocations = '{}', propertySourceProperties = '{org.springframework.boot.test.context.SpringBootTestContextBootstrapper=true}', contextCustomizers = set[org.springframework.boot.test.autoconfigure.actuate.metrics.MetricsExportContextCustomizerFactory$DisableMetricExportContextCustomizer@4f6f416f, org.springframework.boot.test.autoconfigure.properties.PropertyMappingContextCustomizer@0, org.springframework.boot.test.autoconfigure.web.servlet.WebDriverContextCustomizerFactory$Customizer@5b67bb7e, org.springframework.boot.test.context.filter.ExcludeFilterContextCustomizer@3d246ea3, org.springframework.boot.test.json.DuplicateJsonObjectContextCustomizerFactory$DuplicateJsonObjectContextCustomizer@6f19ac19, org.springframework.boot.test.mock.mockito.MockitoContextCustomizer@0, org.springframework.boot.test.web.client.TestRestTemplateContextCustomizer@6c2ed0cd, org.springframework.boot.test.context.SpringBootTestArgs@1, org.springframework.boot.test.context.SpringBootTestWebEnvironment@6ad82709], contextLoader = 'org.springframework.boot.test.context.SpringBootContextLoader', parent = [null]], attributes = map[[empty]]], class annotated with @DirtiesContext [false] with mode [null].
20:07:42.986 [Test worker] DEBUG org.springframework.test.context.support.DependencyInjectionTestExecutionListener - Performing dependency injection for test context [[DefaultTestContext@73163d48 testClass = DemoApplicationTests, testInstance = com.deleon.julian.retailer.rewards.DemoApplicationTests@531c311e, testMethod = [null], testException = [null], mergedContextConfiguration = [MergedContextConfiguration@58c34bb3 testClass = DemoApplicationTests, locations = '{}', classes = '{class com.deleon.julian.retailer.rewards.DemoApplication}', contextInitializerClasses = '[]', activeProfiles = '{}', propertySourceLocations = '{}', propertySourceProperties = '{org.springframework.boot.test.context.SpringBootTestContextBootstrapper=true}', contextCustomizers = set[org.springframework.boot.test.autoconfigure.actuate.metrics.MetricsExportContextCustomizerFactory$DisableMetricExportContextCustomizer@4f6f416f, org.springframework.boot.test.autoconfigure.properties.PropertyMappingContextCustomizer@0, org.springframework.boot.test.autoconfigure.web.servlet.WebDriverContextCustomizerFactory$Customizer@5b67bb7e, org.springframework.boot.test.context.filter.ExcludeFilterContextCustomizer@3d246ea3, org.springframework.boot.test.json.DuplicateJsonObjectContextCustomizerFactory$DuplicateJsonObjectContextCustomizer@6f19ac19, org.springframework.boot.test.mock.mockito.MockitoContextCustomizer@0, org.springframework.boot.test.web.client.TestRestTemplateContextCustomizer@6c2ed0cd, org.springframework.boot.test.context.SpringBootTestArgs@1, org.springframework.boot.test.context.SpringBootTestWebEnvironment@6ad82709], contextLoader = 'org.springframework.boot.test.context.SpringBootContextLoader', parent = [null]], attributes = map['org.springframework.test.context.event.ApplicationEventsTestExecutionListener.recordApplicationEvents' -> false]]].

  .   ____          _            __ _ _
 /\\ / ___'_ __ _ _(_)_ __  __ _ \ \ \ \
( ( )\___ | '_ | '_| | '_ \/ _` | \ \ \ \
 \\/  ___)| |_)| | | | | || (_| |  ) ) ) )
  '  |____| .__|_| |_|_| |_\__, | / / / /
 =========|_|==============|___/=/_/_/_/
 :: Spring Boot ::                (v2.7.5)

2022-11-22 20:07:43.087  INFO 73464 --- [    Test worker] c.d.j.r.rewards.DemoApplicationTests     : Starting DemoApplicationTests using Java 17.0.3 on Julians-MacBook-Pro.local with PID 73464 (started by juliandeleon in /Users/juliandeleon/repos/retailer_rewards/retailer-rewards)
2022-11-22 20:07:43.088  INFO 73464 --- [    Test worker] c.d.j.r.rewards.DemoApplicationTests     : No active profile set, falling back to 1 default profile: "default"
2022-11-22 20:07:43.276  INFO 73464 --- [    Test worker] c.d.j.r.rewards.DemoApplicationTests     : Started DemoApplicationTests in 0.281 seconds (JVM running for 0.679)
]]></system-out>
  <system-err><![CDATA[]]></system-err>
</testsuite>
